<?xml version="1.0" encoding="UTF-8" ?>
<testsuite tests="1" failures="0" name="one.digitalinnovation.AppTest" time="0.004" errors="0" skipped="0">
  <properties>
    <property name="java.runtime.name" value="OpenJDK Runtime Environment"/>
    <property name="java.vm.version" value="11.0.13+8-LTS"/>
    <property name="sun.boot.library.path" value="C:\Program Files\ojdkbuild\java-11-openjdk-11.0.13-1\bin"/>
    <property name="maven.multiModuleProjectDirectory" value="D:\Users\Otávio\Documents\dio\spring-framework-experience\quick-start-maven"/>
    <property name="java.vm.vendor" value="ojdkbuild"/>
    <property name="java.vendor.url" value="https://github.com/ojdkbuild"/>
    <property name="guice.disable.misplaced.annotation.check" value="true"/>
    <property name="path.separator" value=";"/>
    <property name="java.vm.name" value="OpenJDK 64-Bit Server VM"/>
    <property name="sun.os.patch.level" value=""/>
    <property name="user.script" value=""/>
    <property name="user.country" value="BR"/>
    <property name="sun.java.launcher" value="SUN_STANDARD"/>
    <property name="java.vm.specification.name" value="Java Virtual Machine Specification"/>
    <property name="user.dir" value="D:\Users\Otávio\Documents\dio\spring-framework-experience\quick-start-maven"/>
    <property name="java.vm.compressedOopsMode" value="32-bit"/>
    <property name="java.runtime.version" value="11.0.13+8-LTS"/>
    <property name="java.awt.graphicsenv" value="sun.awt.Win32GraphicsEnvironment"/>
    <property name="os.arch" value="amd64"/>
    <property name="java.io.tmpdir" value="C:\Users\Otavio\AppData\Local\Temp\"/>
    <property name="line.separator" value="
"/>
    <property name="java.vm.specification.vendor" value="Oracle Corporation"/>
    <property name="user.variant" value=""/>
    <property name="os.name" value="Windows 10"/>
    <property name="classworlds.conf" value="D:\dev\apache-maven-3.8.5\bin\m2.conf"/>
    <property name="sun.jnu.encoding" value="Cp1252"/>
    <property name="java.library.path" value="C:\Program Files\ojdkbuild\java-11-openjdk-11.0.13-1\bin;C:\Windows\Sun\Java\bin;C:\Windows\system32;C:\Windows;C:\Program Files\Eclipse Adoptium\jdk-11.0.14.101-hotspot\bin;C:\Program Files\Common Files\Oracle\Java\javapath;C:\Program Files (x86)\Common Files\Oracle\Java\javapath;C:\Windows\system32;C:\Windows;C:\Windows\System32\Wbem;C:\Windows\System32\WindowsPowerShell\v1.0\;C:\Windows\System32\OpenSSH\;C:\flutter\bin;C:\Program Files (x86)\Groovy\bin;C:\Program Files\Grails\grails-5.1.6\bin;C:\Program Files\CLASSPATH;C:\ProgramData\chocolatey\bin;C:\Program Files\ojdkbuild\java-11-openjdk-11.0.13-1\missioncontrol\;C:\Program Files\ojdkbuild\java-11-openjdk-11.0.13-1\bin;C:\Program Files\nodejs\;D:\dev\apache-maven-3.8.5\bin;;C:\Program Files\Docker\Docker\resources\bin;C:\ProgramData\DockerDesktop\version-bin;C:\Program Files\MySQL\MySQL Shell 8.0\bin\;C:\Users\Otavio\AppData\Local\Microsoft\WindowsApps;C:\Users\Otávio\AppData\Local\Programs\Microsoft VS Code\bin;C:\Users\Otávio\AppData\Local\GitHubDesktop\bin;C:\Users\Otávio\AppData\Roaming\npm;C:\Users\Otavio\AppData\Roaming\npm;C:\Users\Otavio\AppData\Local\GitHubDesktop\bin;C:\tools\dart-sdk\bin;C:\Users\Otavio\AppData\Roaming\Pub\Cache\bin;C:\Program Files\heroku\bin;."/>
    <property name="maven.conf" value="D:\dev\apache-maven-3.8.5/conf"/>
    <property name="jdk.debug" value="release"/>
    <property name="java.class.version" value="55.0"/>
    <property name="java.specification.name" value="Java Platform API Specification"/>
    <property name="sun.management.compiler" value="HotSpot 64-Bit Tiered Compilers"/>
    <property name="os.version" value="10.0"/>
    <property name="library.jansi.path" value="D:\dev\apache-maven-3.8.5\lib\jansi-native"/>
    <property name="user.home" value="C:\Users\Otavio"/>
    <property name="user.timezone" value="America/Sao_Paulo"/>
    <property name="java.awt.printerjob" value="sun.awt.windows.WPrinterJob"/>
    <property name="file.encoding" value="Cp1252"/>
    <property name="java.specification.version" value="11"/>
    <property name="user.name" value="Otavio"/>
    <property name="java.class.path" value="D:\dev\apache-maven-3.8.5\boot\plexus-classworlds-2.6.0.jar"/>
    <property name="java.vm.specification.version" value="11"/>
    <property name="sun.arch.data.model" value="64"/>
    <property name="sun.java.command" value="org.codehaus.plexus.classworlds.launcher.Launcher test"/>
    <property name="java.home" value="C:\Program Files\ojdkbuild\java-11-openjdk-11.0.13-1"/>
    <property name="user.language" value="pt"/>
    <property name="java.specification.vendor" value="Oracle Corporation"/>
    <property name="awt.toolkit" value="sun.awt.windows.WToolkit"/>
    <property name="java.vm.info" value="mixed mode"/>
    <property name="java.version" value="11.0.13"/>
    <property name="java.vendor" value="ojdkbuild"/>
    <property name="sun.stderr.encoding" value="cp850"/>
    <property name="maven.home" value="D:\dev\apache-maven-3.8.5"/>
    <property name="file.separator" value="\"/>
    <property name="java.version.date" value="2021-10-19"/>
    <property name="java.vendor.url.bug" value="https://github.com/ojdkbuild/ojdkbuild/issues"/>
    <property name="sun.io.unicode.encoding" value="UnicodeLittle"/>
    <property name="sun.cpu.endian" value="little"/>
    <property name="java.vendor.version" value="18.9"/>
    <property name="sun.stdout.encoding" value="cp850"/>
    <property name="sun.desktop" value="windows"/>
    <property name="sun.cpu.isalist" value="amd64"/>
  </properties>
  <testcase classname="one.digitalinnovation.AppTest" name="testApp" time="0.004"/>
</testsuite>